{"name": "test_Credkart_login_002", "status": "broken", "statusDetails": {"message": "selenium.common.exceptions.ElementNotInteractableException: Message: element not interactable\n  (Session info: chrome=144.0.7559.110); For documentation on this error, please visit: https://www.selenium.dev/documentation/webdriver/troubleshooting/errors#elementnotinteractableexception\nStacktrace:\nSymbols not available. Dumping unresolved backtrace:\n\t0x7ff6b134a545\n\t0x7ff6b134a5a0\n\t0x7ff6b10f0dd6\n\t0x7ff6b114dca4\n\t0x7ff6b113f2b6\n\t0x7ff6b1175c9a\n\t0x7ff6b113eb36\n\t0x7ff6b119a10c\n\t0x7ff6b113cedc\n\t0x7ff6b113de23\n\t0x7ff6b1628bb0\n\t0x7ff6b1622fbd\n\t0x7ff6b164420a\n\t0x7ff6b1366e15\n\t0x7ff6b136f4dc\n\t0x7ff6b1353e54\n\t0x7ff6b1354006\n\t0x7ff6b1339e27\n\t0x7ffa04bce8d7\n\t0x7ffa05ccc40c", "trace": "self = <testCases.test_Credkart_User_Profile_001.Test_User_Profile object at 0x0000017F651E4F50>\n\n    @pytest.mark.usefixtures(\"browser_setup\")\n    def test_Credkart_login_002(self):\n        #self.driver.get(\"https://automation.credence.in/login\")\n        self.driver.get(self.login_url)\n        # email_id = \"Credencetest@test.com\"\n        # pass_word = \"Credence@123\"\n    \n        self.lp = Login_Page_Class(self.driver)  # login page class object and now we can access the methods\n    \n        # Enter Username\n        # email = self.driver.find_element(By.XPATH, \"//input[@id='email']\")\n        # email.send_keys(email_id)\n        self.log.info(\"Entering email\")\n        self.lp.Enter_Email(self.email)\n    \n        # Enter Password\n        # password = self.driver.find_element(By.XPATH, \"//input[@id='password']\")\n        # password.send_keys(pass_word)\n        self.log.info(\"Entering password\")\n        self.lp.Enter_Password(self.password)\n    \n        # Click on Login button\n        # login_button = self.driver.find_element(By.CSS_SELECTOR, \"button[type='submit']\")\n        # login_button.click()\n        self.log.info(\"clicking on Login_Register_Button \")\n        self.lp.Click_Login_Register_Button()\n    \n        # wait = WebDriverWait(self.driver, 5)\n        # try:\n        #     wait.until(expected_conditions.visibility_of_element_located((By.XPATH, \"/html/body/div/div[1]/p[1]\")))\n        #     element = self.driver.find_element(By.XPATH, \"/html/body/div/div[1]/p[1]\")\n        #     print(\"User Login Successful\")\n        #     # driver.save_screenshot(f\"User Login Successful_{email_id}.png\")\n        #     menu = self.driver.find_element(By.XPATH, \"//a[@role='button']\")\n        #     menu.click()\n        #     logout = self.driver.find_element(By.XPATH, \"//a[normalize-space()='Logout']\")\n        #     logout.click()\n        #\n        #\n        # except:\n        #     print(\"User Login Fail\")\n        #     # driver.save_screenshot(f\"User Login Fail_{email_id}.png\")\n        #     assert False, \"User Login Fail\"\n    \n        if self.lp.verify_menu_button_visibility() == \"pass\":\n            self.log.info(\"verify_menu_button_visibility pass\")\n            self.log.info(\"taking screenshot of pass testcase\")\n            self.driver.save_screenshot(f\".\\\\Screenshots\\\\User Login Pass {self.email}.png\")\n            self.log.info(\"clicking on menu button\")\n            self.lp.Click_Menu_button()\n            self.log.info(\"clicking on logout button\")\n>           self.lp.Click_Logout_button()\n\ntestCases\\test_Credkart_User_Profile_001.py:101: \n_ _ _ _ _ _ _ _ _ _ _ _ _ _ _ _ _ _ _ _ _ _ _ _ _ _ _ _ _ _ _ _ _ _ _ _ _ _ _ _ _ _ _ _ _ _ _ _ _ _ _ _ _ _ _ _ _ _ _ _ _ _ _ _ _ _ _ _ _ _ _ _ _ _ _ _ _ _ _ _ _ _ _ _ _ _ _ _ _ \nPageObjects\\Login_page.py:31: in Click_Logout_button\n    self.driver.find_element(By.XPATH, self.click_logout_button_Xpath).click()\nC:\\Users\\dipes\\AppData\\Local\\Programs\\Python\\Python314\\Lib\\site-packages\\selenium\\webdriver\\remote\\webelement.py:114: in click\n    self._execute(Command.CLICK_ELEMENT)\nC:\\Users\\dipes\\AppData\\Local\\Programs\\Python\\Python314\\Lib\\site-packages\\selenium\\webdriver\\remote\\webelement.py:508: in _execute\n    return self._parent.execute(command, params)\n           ^^^^^^^^^^^^^^^^^^^^^^^^^^^^^^^^^^^^^\nC:\\Users\\dipes\\AppData\\Local\\Programs\\Python\\Python314\\Lib\\site-packages\\selenium\\webdriver\\remote\\webdriver.py:432: in execute\n    self.error_handler.check_response(response)\n_ _ _ _ _ _ _ _ _ _ _ _ _ _ _ _ _ _ _ _ _ _ _ _ _ _ _ _ _ _ _ _ _ _ _ _ _ _ _ _ _ _ _ _ _ _ _ _ _ _ _ _ _ _ _ _ _ _ _ _ _ _ _ _ _ _ _ _ _ _ _ _ _ _ _ _ _ _ _ _ _ _ _ _ _ _ _ _ _ \n\nself = <selenium.webdriver.remote.errorhandler.ErrorHandler object at 0x0000017F6636C050>\nresponse = {'status': 400, 'value': '{\"value\":{\"error\":\"element not interactable\",\"message\":\"element not interactable\\\\n  (Sessio...ff6b136f4dc\\\\n\\\\t0x7ff6b1353e54\\\\n\\\\t0x7ff6b1354006\\\\n\\\\t0x7ff6b1339e27\\\\n\\\\t0x7ffa04bce8d7\\\\n\\\\t0x7ffa05ccc40c\\\\n\"}}'}\n\n    def check_response(self, response: dict[str, Any]) -> None:\n        \"\"\"Check that a JSON response from the WebDriver does not have an error.\n    \n        Args:\n            response: The JSON response from the WebDriver server as a dictionary\n                object.\n    \n        Raises:\n            WebDriverException: If the response contains an error message.\n        \"\"\"\n        status = response.get(\"status\", None)\n        if not status or status == ErrorCode.SUCCESS:\n            return\n        value = None\n        message = response.get(\"message\", \"\")\n        screen: str = response.get(\"screen\", \"\")\n        stacktrace = None\n        if isinstance(status, int):\n            value_json = response.get(\"value\", None)\n            if value_json and isinstance(value_json, str):\n                try:\n                    value = json.loads(value_json)\n                    if isinstance(value, dict):\n                        if len(value) == 1:\n                            value = value[\"value\"]\n                        status = value.get(\"error\", None)\n                        if not status:\n                            status = value.get(\"status\", ErrorCode.UNKNOWN_ERROR)\n                            message = value.get(\"value\") or value.get(\"message\")\n                            if not isinstance(message, str):\n                                value = message\n                                message = message.get(\"message\") if isinstance(message, dict) else None\n                        else:\n                            message = value.get(\"message\", None)\n                except ValueError:\n                    pass\n    \n        exception_class: type[WebDriverException]\n        e = ErrorCode()\n        error_codes = [item for item in dir(e) if not item.startswith(\"__\")]\n        for error_code in error_codes:\n            error_info = getattr(ErrorCode, error_code)\n            if isinstance(error_info, list) and status in error_info:\n                exception_class = getattr(ExceptionMapping, error_code, WebDriverException)\n                break\n        else:\n            exception_class = WebDriverException\n    \n        if not value:\n            value = response[\"value\"]\n        if isinstance(value, str):\n            raise exception_class(value)\n        if message == \"\" and \"message\" in value:\n            message = value[\"message\"]\n    \n        screen = None  # type: ignore[assignment]\n        if \"screen\" in value:\n            screen = value[\"screen\"]\n    \n        stacktrace = None\n        st_value = value.get(\"stackTrace\") or value.get(\"stacktrace\")\n        if st_value:\n            if isinstance(st_value, str):\n                stacktrace = st_value.split(\"\\n\")\n            else:\n                stacktrace = []\n                try:\n                    for frame in st_value:\n                        line = frame.get(\"lineNumber\", \"\")\n                        file = frame.get(\"fileName\", \"<anonymous>\")\n                        if line:\n                            file = f\"{file}:{line}\"\n                        meth = frame.get(\"methodName\", \"<anonymous>\")\n                        if \"className\" in frame:\n                            meth = f\"{frame['className']}.{meth}\"\n                        msg = \"    at %s (%s)\"\n                        msg = msg % (meth, file)\n                        stacktrace.append(msg)\n                except TypeError:\n                    pass\n        if exception_class == UnexpectedAlertPresentException:\n            alert_text = None\n            if \"data\" in value:\n                alert_text = value[\"data\"].get(\"text\")\n            elif \"alert\" in value:\n                alert_text = value[\"alert\"].get(\"text\")\n            raise exception_class(message, screen, stacktrace, alert_text)  # type: ignore[call-arg]  # mypy is not smart enough here\n>       raise exception_class(message, screen, stacktrace)\nE       selenium.common.exceptions.ElementNotInteractableException: Message: element not interactable\nE         (Session info: chrome=144.0.7559.110); For documentation on this error, please visit: https://www.selenium.dev/documentation/webdriver/troubleshooting/errors#elementnotinteractableexception\nE       Stacktrace:\nE       Symbols not available. Dumping unresolved backtrace:\nE       \t0x7ff6b134a545\nE       \t0x7ff6b134a5a0\nE       \t0x7ff6b10f0dd6\nE       \t0x7ff6b114dca4\nE       \t0x7ff6b113f2b6\nE       \t0x7ff6b1175c9a\nE       \t0x7ff6b113eb36\nE       \t0x7ff6b119a10c\nE       \t0x7ff6b113cedc\nE       \t0x7ff6b113de23\nE       \t0x7ff6b1628bb0\nE       \t0x7ff6b1622fbd\nE       \t0x7ff6b164420a\nE       \t0x7ff6b1366e15\nE       \t0x7ff6b136f4dc\nE       \t0x7ff6b1353e54\nE       \t0x7ff6b1354006\nE       \t0x7ff6b1339e27\nE       \t0x7ffa04bce8d7\nE       \t0x7ffa05ccc40c\n\nC:\\Users\\dipes\\AppData\\Local\\Programs\\Python\\Python314\\Lib\\site-packages\\selenium\\webdriver\\remote\\errorhandler.py:232: ElementNotInteractableException"}, "attachments": [{"name": "log", "source": "21c6e241-2097-4df5-9b64-a361a55cc155-attachment.txt", "type": "text/plain"}], "start": 1769873642788, "stop": 1769873653060, "uuid": "9b27a92c-5fe4-4b01-811e-1218dbef1878", "historyId": "c243be9f7c75ae5d7198e8bc2f87f626", "testCaseId": "c243be9f7c75ae5d7198e8bc2f87f626", "fullName": "CredKart_Pytest_Framework.testCases.test_Credkart_User_Profile_001.Test_User_Profile#test_Credkart_login_002", "labels": [{"name": "parentSuite", "value": "CredKart_Pytest_Framework.testCases"}, {"name": "suite", "value": "test_Credkart_User_Profile_001"}, {"name": "subSuite", "value": "Test_User_Profile"}, {"name": "host", "value": "Tanishq"}, {"name": "thread", "value": "26412-MainThread"}, {"name": "framework", "value": "pytest"}, {"name": "language", "value": "cpython3"}, {"name": "package", "value": "CredKart_Pytest_Framework.testCases.test_Credkart_User_Profile_001"}], "titlePath": ["CredKart_Pytest_Framework", "testCases", "test_Credkart_User_Profile_001.py", "Test_User_Profile"]}