{"name": "test_Credkart_registration_003", "status": "broken", "statusDetails": {"message": "selenium.common.exceptions.NoSuchElementException: Message: no such element: Unable to locate element: {\"method\":\"xpath\",\"selector\":\"//input[@id='name']\"}\n  (Session info: chrome=144.0.7559.110); For documentation on this error, please visit: https://www.selenium.dev/documentation/webdriver/troubleshooting/errors#nosuchelementexception\nStacktrace:\nSymbols not available. Dumping unresolved backtrace:\n\t0x7ff6b134a545\n\t0x7ff6b134a5a0\n\t0x7ff6b10f0fed\n\t0x7ff6b114c6d2\n\t0x7ff6b114c9dc\n\t0x7ff6b119d5b7\n\t0x7ff6b119a10c\n\t0x7ff6b113cedc\n\t0x7ff6b113de23\n\t0x7ff6b1628bb0\n\t0x7ff6b1622fbd\n\t0x7ff6b164420a\n\t0x7ff6b1366e15\n\t0x7ff6b136f4dc\n\t0x7ff6b1353e54\n\t0x7ff6b1354006\n\t0x7ff6b1339e27\n\t0x7ffa04bce8d7\n\t0x7ffa05ccc40c", "trace": "self = <testCases.test_Credkart_User_Profile_001.Test_User_Profile object at 0x0000017F65159CD0>\n\n    def test_Credkart_registration_003(self):\n    \n        #self.driver.get(\"https://automation.credence.in/register\")\n        self.driver.get(self.registration_url)\n        fake_username = Faker().user_name()  # New\n        fake_email = Faker().email()  # New\n        password_data = \"Credence_user_101@123\"\n        self.log.info(\"printing fake username\")\n        print(f\"fake_username--> {fake_username}\")  # New\n        self.log.info(\"printing fake password\")\n        print(f\"fake_email--> {fake_email}\")  # New\n    \n        self.rp = Registration_Page_Class(self.driver)\n        # Enter Username\n        self.log.info(\"entering username\")\n>       self.rp.Enter_Name(fake_username)\n\ntestCases\\test_Credkart_User_Profile_001.py:123: \n_ _ _ _ _ _ _ _ _ _ _ _ _ _ _ _ _ _ _ _ _ _ _ _ _ _ _ _ _ _ _ _ _ _ _ _ _ _ _ _ _ _ _ _ _ _ _ _ _ _ _ _ _ _ _ _ _ _ _ _ _ _ _ _ _ _ _ _ _ _ _ _ _ _ _ _ _ _ _ _ _ _ _ _ _ _ _ _ _ \nPageObjects\\Registration_page.py:15: in Enter_Name\n    self.driver.find_element(By.XPATH, self.text_name_xpath).send_keys(name)\n    ^^^^^^^^^^^^^^^^^^^^^^^^^^^^^^^^^^^^^^^^^^^^^^^^^^^^^^^^\nC:\\Users\\dipes\\AppData\\Local\\Programs\\Python\\Python314\\Lib\\site-packages\\selenium\\webdriver\\remote\\webdriver.py:802: in find_element\n    return self.execute(Command.FIND_ELEMENT, {\"using\": by, \"value\": value})[\"value\"]\n           ^^^^^^^^^^^^^^^^^^^^^^^^^^^^^^^^^^^^^^^^^^^^^^^^^^^^^^^^^^^^^^^^^\nC:\\Users\\dipes\\AppData\\Local\\Programs\\Python\\Python314\\Lib\\site-packages\\selenium\\webdriver\\remote\\webdriver.py:432: in execute\n    self.error_handler.check_response(response)\n_ _ _ _ _ _ _ _ _ _ _ _ _ _ _ _ _ _ _ _ _ _ _ _ _ _ _ _ _ _ _ _ _ _ _ _ _ _ _ _ _ _ _ _ _ _ _ _ _ _ _ _ _ _ _ _ _ _ _ _ _ _ _ _ _ _ _ _ _ _ _ _ _ _ _ _ _ _ _ _ _ _ _ _ _ _ _ _ _ \n\nself = <selenium.webdriver.remote.errorhandler.ErrorHandler object at 0x0000017F6636C050>\nresponse = {'status': 404, 'value': '{\"value\":{\"error\":\"no such element\",\"message\":\"no such element: Unable to locate element: {\\...ff6b136f4dc\\\\n\\\\t0x7ff6b1353e54\\\\n\\\\t0x7ff6b1354006\\\\n\\\\t0x7ff6b1339e27\\\\n\\\\t0x7ffa04bce8d7\\\\n\\\\t0x7ffa05ccc40c\\\\n\"}}'}\n\n    def check_response(self, response: dict[str, Any]) -> None:\n        \"\"\"Check that a JSON response from the WebDriver does not have an error.\n    \n        Args:\n            response: The JSON response from the WebDriver server as a dictionary\n                object.\n    \n        Raises:\n            WebDriverException: If the response contains an error message.\n        \"\"\"\n        status = response.get(\"status\", None)\n        if not status or status == ErrorCode.SUCCESS:\n            return\n        value = None\n        message = response.get(\"message\", \"\")\n        screen: str = response.get(\"screen\", \"\")\n        stacktrace = None\n        if isinstance(status, int):\n            value_json = response.get(\"value\", None)\n            if value_json and isinstance(value_json, str):\n                try:\n                    value = json.loads(value_json)\n                    if isinstance(value, dict):\n                        if len(value) == 1:\n                            value = value[\"value\"]\n                        status = value.get(\"error\", None)\n                        if not status:\n                            status = value.get(\"status\", ErrorCode.UNKNOWN_ERROR)\n                            message = value.get(\"value\") or value.get(\"message\")\n                            if not isinstance(message, str):\n                                value = message\n                                message = message.get(\"message\") if isinstance(message, dict) else None\n                        else:\n                            message = value.get(\"message\", None)\n                except ValueError:\n                    pass\n    \n        exception_class: type[WebDriverException]\n        e = ErrorCode()\n        error_codes = [item for item in dir(e) if not item.startswith(\"__\")]\n        for error_code in error_codes:\n            error_info = getattr(ErrorCode, error_code)\n            if isinstance(error_info, list) and status in error_info:\n                exception_class = getattr(ExceptionMapping, error_code, WebDriverException)\n                break\n        else:\n            exception_class = WebDriverException\n    \n        if not value:\n            value = response[\"value\"]\n        if isinstance(value, str):\n            raise exception_class(value)\n        if message == \"\" and \"message\" in value:\n            message = value[\"message\"]\n    \n        screen = None  # type: ignore[assignment]\n        if \"screen\" in value:\n            screen = value[\"screen\"]\n    \n        stacktrace = None\n        st_value = value.get(\"stackTrace\") or value.get(\"stacktrace\")\n        if st_value:\n            if isinstance(st_value, str):\n                stacktrace = st_value.split(\"\\n\")\n            else:\n                stacktrace = []\n                try:\n                    for frame in st_value:\n                        line = frame.get(\"lineNumber\", \"\")\n                        file = frame.get(\"fileName\", \"<anonymous>\")\n                        if line:\n                            file = f\"{file}:{line}\"\n                        meth = frame.get(\"methodName\", \"<anonymous>\")\n                        if \"className\" in frame:\n                            meth = f\"{frame['className']}.{meth}\"\n                        msg = \"    at %s (%s)\"\n                        msg = msg % (meth, file)\n                        stacktrace.append(msg)\n                except TypeError:\n                    pass\n        if exception_class == UnexpectedAlertPresentException:\n            alert_text = None\n            if \"data\" in value:\n                alert_text = value[\"data\"].get(\"text\")\n            elif \"alert\" in value:\n                alert_text = value[\"alert\"].get(\"text\")\n            raise exception_class(message, screen, stacktrace, alert_text)  # type: ignore[call-arg]  # mypy is not smart enough here\n>       raise exception_class(message, screen, stacktrace)\nE       selenium.common.exceptions.NoSuchElementException: Message: no such element: Unable to locate element: {\"method\":\"xpath\",\"selector\":\"//input[@id='name']\"}\nE         (Session info: chrome=144.0.7559.110); For documentation on this error, please visit: https://www.selenium.dev/documentation/webdriver/troubleshooting/errors#nosuchelementexception\nE       Stacktrace:\nE       Symbols not available. Dumping unresolved backtrace:\nE       \t0x7ff6b134a545\nE       \t0x7ff6b134a5a0\nE       \t0x7ff6b10f0fed\nE       \t0x7ff6b114c6d2\nE       \t0x7ff6b114c9dc\nE       \t0x7ff6b119d5b7\nE       \t0x7ff6b119a10c\nE       \t0x7ff6b113cedc\nE       \t0x7ff6b113de23\nE       \t0x7ff6b1628bb0\nE       \t0x7ff6b1622fbd\nE       \t0x7ff6b164420a\nE       \t0x7ff6b1366e15\nE       \t0x7ff6b136f4dc\nE       \t0x7ff6b1353e54\nE       \t0x7ff6b1354006\nE       \t0x7ff6b1339e27\nE       \t0x7ffa04bce8d7\nE       \t0x7ffa05ccc40c\n\nC:\\Users\\dipes\\AppData\\Local\\Programs\\Python\\Python314\\Lib\\site-packages\\selenium\\webdriver\\remote\\errorhandler.py:232: NoSuchElementException"}, "attachments": [{"name": "log", "source": "da5a3dae-50f7-4f77-86d9-057fe34642f4-attachment.txt", "type": "text/plain"}, {"name": "stdout", "source": "2c3defe0-ae24-472a-b365-bb31498cb336-attachment.txt", "type": "text/plain"}], "start": 1769873656142, "stop": 1769873662164, "uuid": "5e6325eb-d930-4e34-a92f-986e9e361c79", "historyId": "19a57f4768ec4dba535098c3e0cee685", "testCaseId": "19a57f4768ec4dba535098c3e0cee685", "fullName": "CredKart_Pytest_Framework.testCases.test_Credkart_User_Profile_001.Test_User_Profile#test_Credkart_registration_003", "labels": [{"name": "parentSuite", "value": "CredKart_Pytest_Framework.testCases"}, {"name": "suite", "value": "test_Credkart_User_Profile_001"}, {"name": "subSuite", "value": "Test_User_Profile"}, {"name": "host", "value": "Tanishq"}, {"name": "thread", "value": "26412-MainThread"}, {"name": "framework", "value": "pytest"}, {"name": "language", "value": "cpython3"}, {"name": "package", "value": "CredKart_Pytest_Framework.testCases.test_Credkart_User_Profile_001"}], "titlePath": ["CredKart_Pytest_Framework", "testCases", "test_Credkart_User_Profile_001.py", "Test_User_Profile"]}