{"name": "test_credkart_login_params_ddt_005[credkart_login_data3]", "status": "broken", "statusDetails": {"message": "selenium.common.exceptions.NoSuchElementException: Message: no such element: Unable to locate element: {\"method\":\"css selector\",\"selector\":\"[id=\"email\"]\"}\n  (Session info: chrome=144.0.7559.110); For documentation on this error, please visit: https://www.selenium.dev/documentation/webdriver/troubleshooting/errors#nosuchelementexception\nStacktrace:\nSymbols not available. Dumping unresolved backtrace:\n\t0x7ff639a4a545\n\t0x7ff639a4a5a0\n\t0x7ff6397f0fed\n\t0x7ff63984c6d2\n\t0x7ff63984c9dc\n\t0x7ff63989d5b7\n\t0x7ff63989a10c\n\t0x7ff63983cedc\n\t0x7ff63983de23\n\t0x7ff639d28bb0\n\t0x7ff639d22fbd\n\t0x7ff639d4420a\n\t0x7ff639a66e15\n\t0x7ff639a6f4dc\n\t0x7ff639a53e54\n\t0x7ff639a54006\n\t0x7ff639a39e27\n\t0x7ffa04bce8d7\n\t0x7ffa05ccc40c", "trace": "self = <testCases.test_login_params_003.Test_login_params_005 object at 0x000001EA79AFA3F0>\nbrowser_setup = <selenium.webdriver.chrome.webdriver.WebDriver (session=\"acda0097e5d8fb00fa82418167d268bb\")>\ncredkart_login_data = ('Credencetest@test.com1', 'Credence@1231', 'login_fail')\n\n    @pytest.mark.usefixtures(\"browser_setup\")\n    def test_credkart_login_params_ddt_005(self,browser_setup,credkart_login_data):\n       email_id = credkart_login_data[0]\n       password_data = credkart_login_data[1]\n       expected_result = credkart_login_data[2]\n    \n       print(f\"email_id-->{email_id}\")\n       print(f\"password-->{password_data}\")\n       print(f\"expected_result-->{expected_result}\")\n    \n       self.driver.get(self.login_url)\n    \n       self.para=Login_Page_Class(self.driver)\n>      self.para.Enter_Email(email_id)\n\ntestCases\\test_login_params_003.py:25: \n_ _ _ _ _ _ _ _ _ _ _ _ _ _ _ _ _ _ _ _ _ _ _ _ _ _ _ _ _ _ _ _ _ _ _ _ _ _ _ _ _ _ _ _ _ _ _ _ _ _ _ _ _ _ _ _ _ _ _ _ _ _ _ _ _ _ _ _ _ _ _ _ _ _ _ _ _ _ _ _ _ _ _ _ _ _ _ _ _ \nPageObjects\\Login_page.py:19: in Enter_Email\n    self.driver.find_element(By.ID, self.text_email_id).send_keys(email)\n    ^^^^^^^^^^^^^^^^^^^^^^^^^^^^^^^^^^^^^^^^^^^^^^^^^^^\nC:\\Users\\dipes\\AppData\\Local\\Programs\\Python\\Python314\\Lib\\site-packages\\selenium\\webdriver\\remote\\webdriver.py:802: in find_element\n    return self.execute(Command.FIND_ELEMENT, {\"using\": by, \"value\": value})[\"value\"]\n           ^^^^^^^^^^^^^^^^^^^^^^^^^^^^^^^^^^^^^^^^^^^^^^^^^^^^^^^^^^^^^^^^^\nC:\\Users\\dipes\\AppData\\Local\\Programs\\Python\\Python314\\Lib\\site-packages\\selenium\\webdriver\\remote\\webdriver.py:432: in execute\n    self.error_handler.check_response(response)\n_ _ _ _ _ _ _ _ _ _ _ _ _ _ _ _ _ _ _ _ _ _ _ _ _ _ _ _ _ _ _ _ _ _ _ _ _ _ _ _ _ _ _ _ _ _ _ _ _ _ _ _ _ _ _ _ _ _ _ _ _ _ _ _ _ _ _ _ _ _ _ _ _ _ _ _ _ _ _ _ _ _ _ _ _ _ _ _ _ \n\nself = <selenium.webdriver.remote.errorhandler.ErrorHandler object at 0x000001EA7AD2C550>\nresponse = {'status': 404, 'value': '{\"value\":{\"error\":\"no such element\",\"message\":\"no such element: Unable to locate element: {\\...ff639a6f4dc\\\\n\\\\t0x7ff639a53e54\\\\n\\\\t0x7ff639a54006\\\\n\\\\t0x7ff639a39e27\\\\n\\\\t0x7ffa04bce8d7\\\\n\\\\t0x7ffa05ccc40c\\\\n\"}}'}\n\n    def check_response(self, response: dict[str, Any]) -> None:\n        \"\"\"Check that a JSON response from the WebDriver does not have an error.\n    \n        Args:\n            response: The JSON response from the WebDriver server as a dictionary\n                object.\n    \n        Raises:\n            WebDriverException: If the response contains an error message.\n        \"\"\"\n        status = response.get(\"status\", None)\n        if not status or status == ErrorCode.SUCCESS:\n            return\n        value = None\n        message = response.get(\"message\", \"\")\n        screen: str = response.get(\"screen\", \"\")\n        stacktrace = None\n        if isinstance(status, int):\n            value_json = response.get(\"value\", None)\n            if value_json and isinstance(value_json, str):\n                try:\n                    value = json.loads(value_json)\n                    if isinstance(value, dict):\n                        if len(value) == 1:\n                            value = value[\"value\"]\n                        status = value.get(\"error\", None)\n                        if not status:\n                            status = value.get(\"status\", ErrorCode.UNKNOWN_ERROR)\n                            message = value.get(\"value\") or value.get(\"message\")\n                            if not isinstance(message, str):\n                                value = message\n                                message = message.get(\"message\") if isinstance(message, dict) else None\n                        else:\n                            message = value.get(\"message\", None)\n                except ValueError:\n                    pass\n    \n        exception_class: type[WebDriverException]\n        e = ErrorCode()\n        error_codes = [item for item in dir(e) if not item.startswith(\"__\")]\n        for error_code in error_codes:\n            error_info = getattr(ErrorCode, error_code)\n            if isinstance(error_info, list) and status in error_info:\n                exception_class = getattr(ExceptionMapping, error_code, WebDriverException)\n                break\n        else:\n            exception_class = WebDriverException\n    \n        if not value:\n            value = response[\"value\"]\n        if isinstance(value, str):\n            raise exception_class(value)\n        if message == \"\" and \"message\" in value:\n            message = value[\"message\"]\n    \n        screen = None  # type: ignore[assignment]\n        if \"screen\" in value:\n            screen = value[\"screen\"]\n    \n        stacktrace = None\n        st_value = value.get(\"stackTrace\") or value.get(\"stacktrace\")\n        if st_value:\n            if isinstance(st_value, str):\n                stacktrace = st_value.split(\"\\n\")\n            else:\n                stacktrace = []\n                try:\n                    for frame in st_value:\n                        line = frame.get(\"lineNumber\", \"\")\n                        file = frame.get(\"fileName\", \"<anonymous>\")\n                        if line:\n                            file = f\"{file}:{line}\"\n                        meth = frame.get(\"methodName\", \"<anonymous>\")\n                        if \"className\" in frame:\n                            meth = f\"{frame['className']}.{meth}\"\n                        msg = \"    at %s (%s)\"\n                        msg = msg % (meth, file)\n                        stacktrace.append(msg)\n                except TypeError:\n                    pass\n        if exception_class == UnexpectedAlertPresentException:\n            alert_text = None\n            if \"data\" in value:\n                alert_text = value[\"data\"].get(\"text\")\n            elif \"alert\" in value:\n                alert_text = value[\"alert\"].get(\"text\")\n            raise exception_class(message, screen, stacktrace, alert_text)  # type: ignore[call-arg]  # mypy is not smart enough here\n>       raise exception_class(message, screen, stacktrace)\nE       selenium.common.exceptions.NoSuchElementException: Message: no such element: Unable to locate element: {\"method\":\"css selector\",\"selector\":\"[id=\"email\"]\"}\nE         (Session info: chrome=144.0.7559.110); For documentation on this error, please visit: https://www.selenium.dev/documentation/webdriver/troubleshooting/errors#nosuchelementexception\nE       Stacktrace:\nE       Symbols not available. Dumping unresolved backtrace:\nE       \t0x7ff639a4a545\nE       \t0x7ff639a4a5a0\nE       \t0x7ff6397f0fed\nE       \t0x7ff63984c6d2\nE       \t0x7ff63984c9dc\nE       \t0x7ff63989d5b7\nE       \t0x7ff63989a10c\nE       \t0x7ff63983cedc\nE       \t0x7ff63983de23\nE       \t0x7ff639d28bb0\nE       \t0x7ff639d22fbd\nE       \t0x7ff639d4420a\nE       \t0x7ff639a66e15\nE       \t0x7ff639a6f4dc\nE       \t0x7ff639a53e54\nE       \t0x7ff639a54006\nE       \t0x7ff639a39e27\nE       \t0x7ffa04bce8d7\nE       \t0x7ffa05ccc40c\n\nC:\\Users\\dipes\\AppData\\Local\\Programs\\Python\\Python314\\Lib\\site-packages\\selenium\\webdriver\\remote\\errorhandler.py:232: NoSuchElementException"}, "attachments": [{"name": "stdout", "source": "032628de-bb3b-49da-b631-9fc6d2da9db2-attachment.txt", "type": "text/plain"}], "parameters": [{"name": "credkart_login_data", "value": "('Credencetest@test.com1', 'Credence@1231', 'login_fail')"}], "start": 1769875169404, "stop": 1769875175596, "uuid": "d561785e-de5a-4eb2-a45a-6230de0eb8a7", "historyId": "9cb805c30599548c2fd321a358de203a", "testCaseId": "528b704592dced9f26905e454931f729", "fullName": "CredKart_Pytest_Framework.testCases.test_login_params_003.Test_login_params_005#test_credkart_login_params_ddt_005", "labels": [{"name": "parentSuite", "value": "CredKart_Pytest_Framework.testCases"}, {"name": "suite", "value": "test_login_params_003"}, {"name": "subSuite", "value": "Test_login_params_005"}, {"name": "host", "value": "Tanishq"}, {"name": "thread", "value": "19068-MainThread"}, {"name": "framework", "value": "pytest"}, {"name": "language", "value": "cpython3"}, {"name": "package", "value": "CredKart_Pytest_Framework.testCases.test_login_params_003"}], "titlePath": ["CredKart_Pytest_Framework", "testCases", "test_login_params_003.py", "Test_login_params_005"]}